[2024-04-13 20:04:11,751] 24 root - INFO - Data Ingestion Started
[2024-04-13 20:04:11,751] 31 root - INFO - Necessary Artifacts Already Exist
[2024-04-13 20:04:11,751] 73 root - INFO - Data Transformation Started
[2024-04-13 20:04:11,764] 86 root - INFO - Encoding Categorical Variables
[2024-04-13 20:04:11,776] 92 root - INFO - Scaling Numerical Variables
[2024-04-13 20:04:11,777] 48 root - INFO - Standard Scaler Object Found. Loading ...
[2024-04-13 20:04:11,777] 102 root - INFO - Data Transformation Completed
[2024-04-13 20:04:11,777] 103 root - INFO - Xtrain Shape: (5634, 19)
[2024-04-13 20:04:11,777] 104 root - INFO - Xtest Shape: (1409, 19)
[2024-04-13 20:04:11,777] 105 root - INFO - Ytrain Shape: (5634,)
[2024-04-13 20:04:11,777] 106 root - INFO - Ytest Shape: (1409,)
[2024-04-13 20:04:11,777] 71 root - INFO - Model Training Initiated ...
[2024-04-13 20:04:12,545] 85 root - INFO - Model Training Completed ...
[2024-04-13 20:04:12,545] 86 root - INFO - Saving Model ...
[2024-04-13 20:04:12,553] 89 root - INFO - Plot Confusion Matrix
[2024-04-13 20:04:16,098] 92 root - INFO - Writing Classification Report
[2024-04-13 20:04:16,300] 97 root - INFO - 
-----------  Classification Report for SVM -----------
              precision    recall  f1-score   support

           0       0.81      0.91      0.86      1021
           1       0.65      0.45      0.54       388

    accuracy                           0.78      1409
   macro avg       0.73      0.68      0.70      1409
weighted avg       0.77      0.78      0.77      1409
=====================================================
-----------  Classification Report for RFC -----------
              precision    recall  f1-score   support

           0       0.82      0.88      0.85      1021
           1       0.62      0.49      0.55       388

    accuracy                           0.78      1409
   macro avg       0.72      0.69      0.70      1409
weighted avg       0.77      0.78      0.77      1409
=====================================================
-----------  Classification Report for KNN -----------
              precision    recall  f1-score   support

           0       0.81      0.84      0.82      1021
           1       0.53      0.49      0.51       388

    accuracy                           0.74      1409
   macro avg       0.67      0.66      0.67      1409
weighted avg       0.74      0.74      0.74      1409
=====================================================
-----------  Classification Report for XGB -----------
              precision    recall  f1-score   support

           0       0.83      0.87      0.85      1021
           1       0.61      0.52      0.56       388

    accuracy                           0.78      1409
   macro avg       0.72      0.70      0.70      1409
weighted avg       0.77      0.78      0.77      1409
=====================================================

[2024-04-13 20:04:16,300] 98 root - INFO - Classification Report Written Successfully ...
