[2024-04-14 10:05:07,000] 22 root - INFO - Data Ingestion Started
[2024-04-14 10:05:07,012] 37 root - INFO - Loading Telco Churn Data
[2024-04-14 10:05:07,031] 44 root - INFO - Saved the raw dataset in Artifacts
[2024-04-14 10:05:07,031] 46 root - INFO - Performing Train Test Split
[2024-04-14 10:05:07,033] 49 root - INFO - Train Test Split Completed
[2024-04-14 10:05:07,052] 61 root - INFO - Data Ingestion Completed
[2024-04-14 10:05:07,053] 71 root - INFO - Data Transformation Started
[2024-04-14 10:05:07,064] 84 root - INFO - Encoding Categorical Variables
[2024-04-14 10:05:07,065] 24 root - INFO - Label Encoder Object Not Found. Creating ...
[2024-04-14 10:05:07,076] 90 root - INFO - Scaling Numerical Variables
[2024-04-14 10:05:07,077] 41 root - INFO - Standard Scaler Object Not Found. Creating ...
[2024-04-14 10:05:07,078] 100 root - INFO - Data Transformation Completed
[2024-04-14 10:05:07,078] 101 root - INFO - Xtrain Shape: (5634, 19)
[2024-04-14 10:05:07,078] 102 root - INFO - Xtest Shape: (1409, 19)
[2024-04-14 10:05:07,078] 103 root - INFO - Ytrain Shape: (5634,)
[2024-04-14 10:05:07,078] 104 root - INFO - Ytest Shape: (1409,)
[2024-04-14 10:05:07,078] 69 root - INFO - Model Training Initiated ...
[2024-04-14 10:05:07,869] 83 root - INFO - Model Training Completed ...
[2024-04-14 10:05:07,869] 84 root - INFO - Saving Model ...
[2024-04-14 10:05:07,890] 87 root - INFO - Plot Confusion Matrix
[2024-04-14 10:05:11,316] 90 root - INFO - Writing Classification Report
[2024-04-14 10:05:11,524] 95 root - INFO - 
-----------  Classification Report for SVM -----------
              precision    recall  f1-score   support

           0       0.81      0.91      0.86      1032
           1       0.63      0.43      0.51       377

    accuracy                           0.78      1409
   macro avg       0.72      0.67      0.69      1409
weighted avg       0.77      0.78      0.77      1409
=====================================================
-----------  Classification Report for RFC -----------
              precision    recall  f1-score   support

           0       0.82      0.89      0.85      1032
           1       0.60      0.45      0.51       377

    accuracy                           0.77      1409
   macro avg       0.71      0.67      0.68      1409
weighted avg       0.76      0.77      0.76      1409
=====================================================
-----------  Classification Report for KNN -----------
              precision    recall  f1-score   support

           0       0.82      0.85      0.83      1032
           1       0.54      0.49      0.51       377

    accuracy                           0.75      1409
   macro avg       0.68      0.67      0.67      1409
weighted avg       0.74      0.75      0.75      1409
=====================================================
-----------  Classification Report for XGB -----------
              precision    recall  f1-score   support

           0       0.83      0.88      0.85      1032
           1       0.60      0.49      0.54       377

    accuracy                           0.78      1409
   macro avg       0.71      0.69      0.70      1409
weighted avg       0.77      0.78      0.77      1409
=====================================================

[2024-04-14 10:05:11,524] 96 root - INFO - Classification Report Written Successfully ...
[2024-04-14 10:35:54,294] 35 root - INFO - Exception Occured in load_object function utils
[2024-04-14 10:36:50,914] 96 werkzeug - INFO - [31m[1mWARNING: This is a development server. Do not use it in a production deployment. Use a production WSGI server instead.[0m
 * Running on http://127.0.0.1:5000
[2024-04-14 10:36:50,914] 96 werkzeug - INFO - [33mPress CTRL+C to quit[0m
[2024-04-14 10:36:50,914] 96 werkzeug - INFO -  * Restarting with stat
[2024-04-14 10:36:51,642] 96 werkzeug - WARNING -  * Debugger is active!
[2024-04-14 10:36:51,654] 96 werkzeug - INFO -  * Debugger PIN: 133-192-275
[2024-04-14 10:36:59,164] 77 root - ERROR - Error occured: X has 20 features, but StandardScaler is expecting 19 features as input.
[2024-04-14 10:37:13,287] 77 root - ERROR - Error occured: X has 20 features, but StandardScaler is expecting 19 features as input.
[2024-04-14 10:38:06,878] 77 root - ERROR - Error occured: X has 20 features, but StandardScaler is expecting 19 features as input.
[2024-04-14 10:38:07,765] 77 root - ERROR - Error occured: X has 20 features, but StandardScaler is expecting 19 features as input.
[2024-04-14 10:38:08,239] 77 root - ERROR - Error occured: X has 20 features, but StandardScaler is expecting 19 features as input.
[2024-04-14 10:39:11,561] 96 werkzeug - INFO -  * Detected change in '/Users/1zuu/Desktop/Desktop - Isuru’s Mac mini/ML Research/MLOps Projects/MLOps iNeuron Course/MLOps-01-Churn-Analysis/src/pipeline/prediction_pipeline.py', reloading
[2024-04-14 10:39:11,668] 96 werkzeug - INFO -  * Restarting with stat
[2024-04-14 10:39:12,472] 96 werkzeug - WARNING -  * Debugger is active!
[2024-04-14 10:39:12,480] 96 werkzeug - INFO -  * Debugger PIN: 133-192-275
[2024-04-14 10:39:13,508] 96 werkzeug - INFO -  * Detected change in '/Users/1zuu/Desktop/Desktop - Isuru’s Mac mini/ML Research/MLOps Projects/MLOps iNeuron Course/MLOps-01-Churn-Analysis/src/pipeline/prediction_pipeline.py', reloading
[2024-04-14 10:39:13,613] 96 werkzeug - INFO -  * Restarting with stat
[2024-04-14 10:39:14,296] 96 werkzeug - WARNING -  * Debugger is active!
[2024-04-14 10:39:14,303] 96 werkzeug - INFO -  * Debugger PIN: 133-192-275
[2024-04-14 10:39:29,305] 71 root - ERROR - Error occured: 'Churn'
[2024-04-14 10:39:30,015] 71 root - ERROR - Error occured: 'Churn'
[2024-04-14 10:44:00,438] 96 werkzeug - INFO -  * Detected change in '/Users/1zuu/Desktop/Desktop - Isuru’s Mac mini/ML Research/MLOps Projects/MLOps iNeuron Course/MLOps-01-Churn-Analysis/src/pipeline/prediction_pipeline.py', reloading
[2024-04-14 10:44:00,553] 96 werkzeug - INFO -  * Restarting with stat
[2024-04-14 10:44:01,346] 96 werkzeug - WARNING -  * Debugger is active!
[2024-04-14 10:44:01,358] 96 werkzeug - INFO -  * Debugger PIN: 133-192-275
[2024-04-14 10:44:17,607] 96 werkzeug - INFO -  * Detected change in '/Users/1zuu/Desktop/Desktop - Isuru’s Mac mini/ML Research/MLOps Projects/MLOps iNeuron Course/MLOps-01-Churn-Analysis/src/pipeline/prediction_pipeline.py', reloading
[2024-04-14 10:44:17,739] 96 werkzeug - INFO -  * Restarting with stat
[2024-04-14 10:44:18,598] 96 werkzeug - WARNING -  * Debugger is active!
[2024-04-14 10:44:18,605] 96 werkzeug - INFO -  * Debugger PIN: 133-192-275
[2024-04-14 10:44:32,491] 96 werkzeug - INFO - 127.0.0.1 - - [14/Apr/2024 10:44:32] "POST /predict HTTP/1.1" 200 -
[2024-04-14 10:44:42,928] 96 werkzeug - INFO -  * Detected change in '/Users/1zuu/Desktop/Desktop - Isuru’s Mac mini/ML Research/MLOps Projects/MLOps iNeuron Course/MLOps-01-Churn-Analysis/src/pipeline/prediction_pipeline.py', reloading
[2024-04-14 10:44:43,038] 96 werkzeug - INFO -  * Restarting with stat
[2024-04-14 10:44:43,826] 96 werkzeug - WARNING -  * Debugger is active!
[2024-04-14 10:44:43,834] 96 werkzeug - INFO -  * Debugger PIN: 133-192-275
[2024-04-14 10:44:51,050] 96 werkzeug - INFO - 127.0.0.1 - - [14/Apr/2024 10:44:51] "POST /predict HTTP/1.1" 200 -
